Build started 9/17/2014 12:57:37 PM.
     1>Project "C:\Users\Yupeng\Documents\GitHub\VR\Audio\AudioLib.vcxproj" on node 2 (Build target(s)).
     1>ClCompile:
         C:\Program Files (x86)\Microsoft Visual Studio 12.0\VC\bin\CL.exe /c /I"C:\Users\Yupeng\Documents\Visual Studio 2013\Libraries\boost_1_56_0\\" /Zi /nologo /W3 /WX- /Od /Oy- /D WIN32 /D _DEBUG /D _LIB /Gm /EHsc /RTC1 /MDd /GS /fp:precise /Zc:wchar_t /Zc:forScope /Fo"Debug\\" /Fd"Debug\vc120.pdb" /Gd /TP /analyze- /errorReport:prompt AudioCaptureDevice.cpp SimulateButtonAudioSink.cpp
         SimulateButtonAudioSink.cpp
     1>C:\Program Files (x86)\Microsoft Visual Studio 12.0\VC\include\xmemory(348): warning C4996: 'std::_Uninitialized_copy0': Function call with parameters that may be unsafe - this call relies on the caller to check that the passed values are correct. To disable this warning, use -D_SCL_SECURE_NO_WARNINGS. See documentation on how to use Visual C++ 'Checked Iterators'
                 C:\Program Files (x86)\Microsoft Visual Studio 12.0\VC\include\xmemory(333) : see declaration of 'std::_Uninitialized_copy0'
                 C:\Users\Yupeng\Documents\Visual Studio 2013\Libraries\boost_1_56_0\boost/signals2/detail/auto_buffer.hpp(192) : see reference to function template instantiation '_FwdIt std::uninitialized_copy<I,boost::variant<boost::shared_ptr<void>,boost::signals2::detail::foreign_void_shared_ptr,boost::detail::variant::void_,boost::detail::variant::void_,boost::detail::variant::void_,boost::detail::variant::void_,boost::detail::variant::void_,boost::detail::variant::void_,boost::detail::variant::void_,boost::detail::variant::void_,boost::detail::variant::void_,boost::detail::variant::void_,boost::detail::variant::void_,boost::detail::variant::void_,boost::detail::variant::void_,boost::detail::variant::void_,boost::detail::variant::void_,boost::detail::variant::void_,boost::detail::variant::void_,boost::detail::variant::void_>*>(_InIt,_InIt,_FwdIt)' being compiled
                 with
                 [
                     _FwdIt=boost::variant<boost::shared_ptr<void>,boost::signals2::detail::foreign_void_shared_ptr,boost::detail::variant::void_,boost::detail::variant::void_,boost::detail::variant::void_,boost::detail::variant::void_,boost::detail::variant::void_,boost::detail::variant::void_,boost::detail::variant::void_,boost::detail::variant::void_,boost::detail::variant::void_,boost::detail::variant::void_,boost::detail::variant::void_,boost::detail::variant::void_,boost::detail::variant::void_,boost::detail::variant::void_,boost::detail::variant::void_,boost::detail::variant::void_,boost::detail::variant::void_,boost::detail::variant::void_> *
         ,            I=boost::variant<boost::shared_ptr<void>,boost::signals2::detail::foreign_void_shared_ptr,boost::detail::variant::void_,boost::detail::variant::void_,boost::detail::variant::void_,boost::detail::variant::void_,boost::detail::variant::void_,boost::detail::variant::void_,boost::detail::variant::void_,boost::detail::variant::void_,boost::detail::variant::void_,boost::detail::variant::void_,boost::detail::variant::void_,boost::detail::variant::void_,boost::detail::variant::void_,boost::detail::variant::void_,boost::detail::variant::void_,boost::detail::variant::void_,boost::detail::variant::void_,boost::detail::variant::void_> *
         ,            _InIt=boost::variant<boost::shared_ptr<void>,boost::signals2::detail::foreign_void_shared_ptr,boost::detail::variant::void_,boost::detail::variant::void_,boost::detail::variant::void_,boost::detail::variant::void_,boost::detail::variant::void_,boost::detail::variant::void_,boost::detail::variant::void_,boost::detail::variant::void_,boost::detail::variant::void_,boost::detail::variant::void_,boost::detail::variant::void_,boost::detail::variant::void_,boost::detail::variant::void_,boost::detail::variant::void_,boost::detail::variant::void_,boost::detail::variant::void_,boost::detail::variant::void_,boost::detail::variant::void_> *
                 ]
                 C:\Users\Yupeng\Documents\Visual Studio 2013\Libraries\boost_1_56_0\boost/signals2/detail/auto_buffer.hpp(179) : see reference to function template instantiation 'void boost::signals2::detail::auto_buffer<boost::signals2::detail::void_shared_ptr_variant,boost::signals2::detail::store_n_objects<10>,boost::signals2::detail::default_grow_policy,std::allocator<_Ty>>::copy_rai<I,false>(I,I,boost::variant<boost::shared_ptr<void>,boost::signals2::detail::foreign_void_shared_ptr,boost::detail::variant::void_,boost::detail::variant::void_,boost::detail::variant::void_,boost::detail::variant::void_,boost::detail::variant::void_,boost::detail::variant::void_,boost::detail::variant::void_,boost::detail::variant::void_,boost::detail::variant::void_,boost::detail::variant::void_,boost::detail::variant::void_,boost::detail::variant::void_,boost::detail::variant::void_,boost::detail::variant::void_,boost::detail::variant::void_,boost::detail::variant::void_,boost::detail::variant::void_,boost::detail::variant::void_> *,const boost::integral_constant<bool,false> &)' being compiled
                 with
                 [
                     _Ty=boost::signals2::detail::void_shared_ptr_variant
         ,            I=boost::variant<boost::shared_ptr<void>,boost::signals2::detail::foreign_void_shared_ptr,boost::detail::variant::void_,boost::detail::variant::void_,boost::detail::variant::void_,boost::detail::variant::void_,boost::detail::variant::void_,boost::detail::variant::void_,boost::detail::variant::void_,boost::detail::variant::void_,boost::detail::variant::void_,boost::detail::variant::void_,boost::detail::variant::void_,boost::detail::variant::void_,boost::detail::variant::void_,boost::detail::variant::void_,boost::detail::variant::void_,boost::detail::variant::void_,boost::detail::variant::void_,boost::detail::variant::void_> *
                 ]
                 C:\Users\Yupeng\Documents\Visual Studio 2013\Libraries\boost_1_56_0\boost/signals2/detail/auto_buffer.hpp(179) : see reference to function template instantiation 'void boost::signals2::detail::auto_buffer<boost::signals2::detail::void_shared_ptr_variant,boost::signals2::detail::store_n_objects<10>,boost::signals2::detail::default_grow_policy,std::allocator<_Ty>>::copy_rai<I,false>(I,I,boost::variant<boost::shared_ptr<void>,boost::signals2::detail::foreign_void_shared_ptr,boost::detail::variant::void_,boost::detail::variant::void_,boost::detail::variant::void_,boost::detail::variant::void_,boost::detail::variant::void_,boost::detail::variant::void_,boost::detail::variant::void_,boost::detail::variant::void_,boost::detail::variant::void_,boost::detail::variant::void_,boost::detail::variant::void_,boost::detail::variant::void_,boost::detail::variant::void_,boost::detail::variant::void_,boost::detail::variant::void_,boost::detail::variant::void_,boost::detail::variant::void_,boost::detail::variant::void_> *,const boost::integral_constant<bool,false> &)' being compiled
                 with
                 [
                     _Ty=boost::signals2::detail::void_shared_ptr_variant
         ,            I=boost::variant<boost::shared_ptr<void>,boost::signals2::detail::foreign_void_shared_ptr,boost::detail::variant::void_,boost::detail::variant::void_,boost::detail::variant::void_,boost::detail::variant::void_,boost::detail::variant::void_,boost::detail::variant::void_,boost::detail::variant::void_,boost::detail::variant::void_,boost::detail::variant::void_,boost::detail::variant::void_,boost::detail::variant::void_,boost::detail::variant::void_,boost::detail::variant::void_,boost::detail::variant::void_,boost::detail::variant::void_,boost::detail::variant::void_,boost::detail::variant::void_,boost::detail::variant::void_> *
                 ]
                 C:\Users\Yupeng\Documents\Visual Studio 2013\Libraries\boost_1_56_0\boost/signals2/detail/auto_buffer.hpp(205) : see reference to function template instantiation 'void boost::signals2::detail::auto_buffer<boost::signals2::detail::void_shared_ptr_variant,boost::signals2::detail::store_n_objects<10>,boost::signals2::detail::default_grow_policy,std::allocator<_Ty>>::copy_impl<I>(I,I,boost::variant<boost::shared_ptr<void>,boost::signals2::detail::foreign_void_shared_ptr,boost::detail::variant::void_,boost::detail::variant::void_,boost::detail::variant::void_,boost::detail::variant::void_,boost::detail::variant::void_,boost::detail::variant::void_,boost::detail::variant::void_,boost::detail::variant::void_,boost::detail::variant::void_,boost::detail::variant::void_,boost::detail::variant::void_,boost::detail::variant::void_,boost::detail::variant::void_,boost::detail::variant::void_,boost::detail::variant::void_,boost::detail::variant::void_,boost::detail::variant::void_,boost::detail::variant::void_> *,std::random_access_iterator_tag)' being compiled
                 with
                 [
                     _Ty=boost::signals2::detail::void_shared_ptr_variant
         ,            I=boost::variant<boost::shared_ptr<void>,boost::signals2::detail::foreign_void_shared_ptr,boost::detail::variant::void_,boost::detail::variant::void_,boost::detail::variant::void_,boost::detail::variant::void_,boost::detail::variant::void_,boost::detail::variant::void_,boost::detail::variant::void_,boost::detail::variant::void_,boost::detail::variant::void_,boost::detail::variant::void_,boost::detail::variant::void_,boost::detail::variant::void_,boost::detail::variant::void_,boost::detail::variant::void_,boost::detail::variant::void_,boost::detail::variant::void_,boost::detail::variant::void_,boost::detail::variant::void_> *
                 ]
                 C:\Users\Yupeng\Documents\Visual Studio 2013\Libraries\boost_1_56_0\boost/signals2/detail/auto_buffer.hpp(205) : see reference to function template instantiation 'void boost::signals2::detail::auto_buffer<boost::signals2::detail::void_shared_ptr_variant,boost::signals2::detail::store_n_objects<10>,boost::signals2::detail::default_grow_policy,std::allocator<_Ty>>::copy_impl<I>(I,I,boost::variant<boost::shared_ptr<void>,boost::signals2::detail::foreign_void_shared_ptr,boost::detail::variant::void_,boost::detail::variant::void_,boost::detail::variant::void_,boost::detail::variant::void_,boost::detail::variant::void_,boost::detail::variant::void_,boost::detail::variant::void_,boost::detail::variant::void_,boost::detail::variant::void_,boost::detail::variant::void_,boost::detail::variant::void_,boost::detail::variant::void_,boost::detail::variant::void_,boost::detail::variant::void_,boost::detail::variant::void_,boost::detail::variant::void_,boost::detail::variant::void_,boost::detail::variant::void_> *,std::random_access_iterator_tag)' being compiled
                 with
                 [
                     _Ty=boost::signals2::detail::void_shared_ptr_variant
         ,            I=boost::variant<boost::shared_ptr<void>,boost::signals2::detail::foreign_void_shared_ptr,boost::detail::variant::void_,boost::detail::variant::void_,boost::detail::variant::void_,boost::detail::variant::void_,boost::detail::variant::void_,boost::detail::variant::void_,boost::detail::variant::void_,boost::detail::variant::void_,boost::detail::variant::void_,boost::detail::variant::void_,boost::detail::variant::void_,boost::detail::variant::void_,boost::detail::variant::void_,boost::detail::variant::void_,boost::detail::variant::void_,boost::detail::variant::void_,boost::detail::variant::void_,boost::detail::variant::void_> *
                 ]
                 C:\Users\Yupeng\Documents\Visual Studio 2013\Libraries\boost_1_56_0\boost/signals2/detail/auto_buffer.hpp(289) : see reference to function template instantiation 'void boost::signals2::detail::auto_buffer<boost::signals2::detail::void_shared_ptr_variant,boost::signals2::detail::store_n_objects<10>,boost::signals2::detail::default_grow_policy,std::allocator<_Ty>>::copy_impl<boost::variant<boost::shared_ptr<void>,boost::signals2::detail::foreign_void_shared_ptr,boost::detail::variant::void_,boost::detail::variant::void_,boost::detail::variant::void_,boost::detail::variant::void_,boost::detail::variant::void_,boost::detail::variant::void_,boost::detail::variant::void_,boost::detail::variant::void_,boost::detail::variant::void_,boost::detail::variant::void_,boost::detail::variant::void_,boost::detail::variant::void_,boost::detail::variant::void_,boost::detail::variant::void_,boost::detail::variant::void_,boost::detail::variant::void_,boost::detail::variant::void_,boost::detail::variant::void_>*>(I,I,boost::variant<boost::shared_ptr<void>,boost::signals2::detail::foreign_void_shared_ptr,boost::detail::variant::void_,boost::detail::variant::void_,boost::detail::variant::void_,boost::detail::variant::void_,boost::detail::variant::void_,boost::detail::variant::void_,boost::detail::variant::void_,boost::detail::variant::void_,boost::detail::variant::void_,boost::detail::variant::void_,boost::detail::variant::void_,boost::detail::variant::void_,boost::detail::variant::void_,boost::detail::variant::void_,boost::detail::variant::void_,boost::detail::variant::void_,boost::detail::variant::void_,boost::detail::variant::void_> *)' being compiled
                 with
                 [
                     _Ty=boost::signals2::detail::void_shared_ptr_variant
         ,            I=boost::variant<boost::shared_ptr<void>,boost::signals2::detail::foreign_void_shared_ptr,boost::detail::variant::void_,boost::detail::variant::void_,boost::detail::variant::void_,boost::detail::variant::void_,boost::detail::variant::void_,boost::detail::variant::void_,boost::detail::variant::void_,boost::detail::variant::void_,boost::detail::variant::void_,boost::detail::variant::void_,boost::detail::variant::void_,boost::detail::variant::void_,boost::detail::variant::void_,boost::detail::variant::void_,boost::detail::variant::void_,boost::detail::variant::void_,boost::detail::variant::void_,boost::detail::variant::void_> *
                 ]
                 C:\Users\Yupeng\Documents\Visual Studio 2013\Libraries\boost_1_56_0\boost/signals2/detail/auto_buffer.hpp(289) : see reference to function template instantiation 'void boost::signals2::detail::auto_buffer<boost::signals2::detail::void_shared_ptr_variant,boost::signals2::detail::store_n_objects<10>,boost::signals2::detail::default_grow_policy,std::allocator<_Ty>>::copy_impl<boost::variant<boost::shared_ptr<void>,boost::signals2::detail::foreign_void_shared_ptr,boost::detail::variant::void_,boost::detail::variant::void_,boost::detail::variant::void_,boost::detail::variant::void_,boost::detail::variant::void_,boost::detail::variant::void_,boost::detail::variant::void_,boost::detail::variant::void_,boost::detail::variant::void_,boost::detail::variant::void_,boost::detail::variant::void_,boost::detail::variant::void_,boost::detail::variant::void_,boost::detail::variant::void_,boost::detail::variant::void_,boost::detail::variant::void_,boost::detail::variant::void_,boost::detail::variant::void_>*>(I,I,boost::variant<boost::shared_ptr<void>,boost::signals2::detail::foreign_void_shared_ptr,boost::detail::variant::void_,boost::detail::variant::void_,boost::detail::variant::void_,boost::detail::variant::void_,boost::detail::variant::void_,boost::detail::variant::void_,boost::detail::variant::void_,boost::detail::variant::void_,boost::detail::variant::void_,boost::detail::variant::void_,boost::detail::variant::void_,boost::detail::variant::void_,boost::detail::variant::void_,boost::detail::variant::void_,boost::detail::variant::void_,boost::detail::variant::void_,boost::detail::variant::void_,boost::detail::variant::void_> *)' being compiled
                 with
                 [
                     _Ty=boost::signals2::detail::void_shared_ptr_variant
         ,            I=boost::variant<boost::shared_ptr<void>,boost::signals2::detail::foreign_void_shared_ptr,boost::detail::variant::void_,boost::detail::variant::void_,boost::detail::variant::void_,boost::detail::variant::void_,boost::detail::variant::void_,boost::detail::variant::void_,boost::detail::variant::void_,boost::detail::variant::void_,boost::detail::variant::void_,boost::detail::variant::void_,boost::detail::variant::void_,boost::detail::variant::void_,boost::detail::variant::void_,boost::detail::variant::void_,boost::detail::variant::void_,boost::detail::variant::void_,boost::detail::variant::void_,boost::detail::variant::void_> *
                 ]
                 C:\Users\Yupeng\Documents\Visual Studio 2013\Libraries\boost_1_56_0\boost/signals2/detail/auto_buffer.hpp(282) : while compiling class template member function 'boost::variant<boost::shared_ptr<void>,boost::signals2::detail::foreign_void_shared_ptr,boost::detail::variant::void_,boost::detail::variant::void_,boost::detail::variant::void_,boost::detail::variant::void_,boost::detail::variant::void_,boost::detail::variant::void_,boost::detail::variant::void_,boost::detail::variant::void_,boost::detail::variant::void_,boost::detail::variant::void_,boost::detail::variant::void_,boost::detail::variant::void_,boost::detail::variant::void_,boost::detail::variant::void_,boost::detail::variant::void_,boost::detail::variant::void_,boost::detail::variant::void_,boost::detail::variant::void_> *boost::signals2::detail::auto_buffer<boost::signals2::detail::void_shared_ptr_variant,boost::signals2::detail::store_n_objects<10>,boost::signals2::detail::default_grow_policy,std::allocator<_Ty>>::move_to_new_buffer(unsigned int,const boost::false_type &)'
                 with
                 [
                     _Ty=boost::signals2::detail::void_shared_ptr_variant
                 ]
                 C:\Users\Yupeng\Documents\Visual Studio 2013\Libraries\boost_1_56_0\boost/signals2/detail/auto_buffer.hpp(304) : see reference to function template instantiation 'boost::variant<boost::shared_ptr<void>,boost::signals2::detail::foreign_void_shared_ptr,boost::detail::variant::void_,boost::detail::variant::void_,boost::detail::variant::void_,boost::detail::variant::void_,boost::detail::variant::void_,boost::detail::variant::void_,boost::detail::variant::void_,boost::detail::variant::void_,boost::detail::variant::void_,boost::detail::variant::void_,boost::detail::variant::void_,boost::detail::variant::void_,boost::detail::variant::void_,boost::detail::variant::void_,boost::detail::variant::void_,boost::detail::variant::void_,boost::detail::variant::void_,boost::detail::variant::void_> *boost::signals2::detail::auto_buffer<boost::signals2::detail::void_shared_ptr_variant,boost::signals2::detail::store_n_objects<10>,boost::signals2::detail::default_grow_policy,std::allocator<_Ty>>::move_to_new_buffer(unsigned int,const boost::false_type &)' being compiled
                 with
                 [
                     _Ty=boost::signals2::detail::void_shared_ptr_variant
                 ]
                 C:\Users\Yupeng\Documents\Visual Studio 2013\Libraries\boost_1_56_0\boost/signals2/detail/slot_call_iterator.hpp(40) : see reference to class template instantiation 'boost::signals2::detail::auto_buffer<boost::signals2::detail::void_shared_ptr_variant,boost::signals2::detail::store_n_objects<10>,boost::signals2::detail::default_grow_policy,std::allocator<_Ty>>' being compiled
                 with
                 [
                     _Ty=boost::signals2::detail::void_shared_ptr_variant
                 ]
                 C:\Users\Yupeng\Documents\Visual Studio 2013\Libraries\boost_1_56_0\boost/signals2/detail/slot_call_iterator.hpp(44) : see reference to class template instantiation 'boost::signals2::detail::slot_call_iterator_cache<ResultType,Function>' being compiled
         AudioCaptureDevice.cpp
     1>C:\Program Files (x86)\Microsoft Visual Studio 12.0\VC\include\xmemory(348): warning C4996: 'std::_Uninitialized_copy0': Function call with parameters that may be unsafe - this call relies on the caller to check that the passed values are correct. To disable this warning, use -D_SCL_SECURE_NO_WARNINGS. See documentation on how to use Visual C++ 'Checked Iterators'
                 C:\Program Files (x86)\Microsoft Visual Studio 12.0\VC\include\xmemory(333) : see declaration of 'std::_Uninitialized_copy0'
                 C:\Users\Yupeng\Documents\Visual Studio 2013\Libraries\boost_1_56_0\boost/signals2/detail/auto_buffer.hpp(192) : see reference to function template instantiation '_FwdIt std::uninitialized_copy<I,boost::variant<boost::shared_ptr<void>,boost::signals2::detail::foreign_void_shared_ptr,boost::detail::variant::void_,boost::detail::variant::void_,boost::detail::variant::void_,boost::detail::variant::void_,boost::detail::variant::void_,boost::detail::variant::void_,boost::detail::variant::void_,boost::detail::variant::void_,boost::detail::variant::void_,boost::detail::variant::void_,boost::detail::variant::void_,boost::detail::variant::void_,boost::detail::variant::void_,boost::detail::variant::void_,boost::detail::variant::void_,boost::detail::variant::void_,boost::detail::variant::void_,boost::detail::variant::void_>*>(_InIt,_InIt,_FwdIt)' being compiled
                 with
                 [
                     _FwdIt=boost::variant<boost::shared_ptr<void>,boost::signals2::detail::foreign_void_shared_ptr,boost::detail::variant::void_,boost::detail::variant::void_,boost::detail::variant::void_,boost::detail::variant::void_,boost::detail::variant::void_,boost::detail::variant::void_,boost::detail::variant::void_,boost::detail::variant::void_,boost::detail::variant::void_,boost::detail::variant::void_,boost::detail::variant::void_,boost::detail::variant::void_,boost::detail::variant::void_,boost::detail::variant::void_,boost::detail::variant::void_,boost::detail::variant::void_,boost::detail::variant::void_,boost::detail::variant::void_> *
         ,            I=boost::variant<boost::shared_ptr<void>,boost::signals2::detail::foreign_void_shared_ptr,boost::detail::variant::void_,boost::detail::variant::void_,boost::detail::variant::void_,boost::detail::variant::void_,boost::detail::variant::void_,boost::detail::variant::void_,boost::detail::variant::void_,boost::detail::variant::void_,boost::detail::variant::void_,boost::detail::variant::void_,boost::detail::variant::void_,boost::detail::variant::void_,boost::detail::variant::void_,boost::detail::variant::void_,boost::detail::variant::void_,boost::detail::variant::void_,boost::detail::variant::void_,boost::detail::variant::void_> *
         ,            _InIt=boost::variant<boost::shared_ptr<void>,boost::signals2::detail::foreign_void_shared_ptr,boost::detail::variant::void_,boost::detail::variant::void_,boost::detail::variant::void_,boost::detail::variant::void_,boost::detail::variant::void_,boost::detail::variant::void_,boost::detail::variant::void_,boost::detail::variant::void_,boost::detail::variant::void_,boost::detail::variant::void_,boost::detail::variant::void_,boost::detail::variant::void_,boost::detail::variant::void_,boost::detail::variant::void_,boost::detail::variant::void_,boost::detail::variant::void_,boost::detail::variant::void_,boost::detail::variant::void_> *
                 ]
                 C:\Users\Yupeng\Documents\Visual Studio 2013\Libraries\boost_1_56_0\boost/signals2/detail/auto_buffer.hpp(179) : see reference to function template instantiation 'void boost::signals2::detail::auto_buffer<boost::signals2::detail::void_shared_ptr_variant,boost::signals2::detail::store_n_objects<10>,boost::signals2::detail::default_grow_policy,std::allocator<_Ty>>::copy_rai<I,false>(I,I,boost::variant<boost::shared_ptr<void>,boost::signals2::detail::foreign_void_shared_ptr,boost::detail::variant::void_,boost::detail::variant::void_,boost::detail::variant::void_,boost::detail::variant::void_,boost::detail::variant::void_,boost::detail::variant::void_,boost::detail::variant::void_,boost::detail::variant::void_,boost::detail::variant::void_,boost::detail::variant::void_,boost::detail::variant::void_,boost::detail::variant::void_,boost::detail::variant::void_,boost::detail::variant::void_,boost::detail::variant::void_,boost::detail::variant::void_,boost::detail::variant::void_,boost::detail::variant::void_> *,const boost::integral_constant<bool,false> &)' being compiled
                 with
                 [
                     _Ty=boost::signals2::detail::void_shared_ptr_variant
         ,            I=boost::variant<boost::shared_ptr<void>,boost::signals2::detail::foreign_void_shared_ptr,boost::detail::variant::void_,boost::detail::variant::void_,boost::detail::variant::void_,boost::detail::variant::void_,boost::detail::variant::void_,boost::detail::variant::void_,boost::detail::variant::void_,boost::detail::variant::void_,boost::detail::variant::void_,boost::detail::variant::void_,boost::detail::variant::void_,boost::detail::variant::void_,boost::detail::variant::void_,boost::detail::variant::void_,boost::detail::variant::void_,boost::detail::variant::void_,boost::detail::variant::void_,boost::detail::variant::void_> *
                 ]
                 C:\Users\Yupeng\Documents\Visual Studio 2013\Libraries\boost_1_56_0\boost/signals2/detail/auto_buffer.hpp(179) : see reference to function template instantiation 'void boost::signals2::detail::auto_buffer<boost::signals2::detail::void_shared_ptr_variant,boost::signals2::detail::store_n_objects<10>,boost::signals2::detail::default_grow_policy,std::allocator<_Ty>>::copy_rai<I,false>(I,I,boost::variant<boost::shared_ptr<void>,boost::signals2::detail::foreign_void_shared_ptr,boost::detail::variant::void_,boost::detail::variant::void_,boost::detail::variant::void_,boost::detail::variant::void_,boost::detail::variant::void_,boost::detail::variant::void_,boost::detail::variant::void_,boost::detail::variant::void_,boost::detail::variant::void_,boost::detail::variant::void_,boost::detail::variant::void_,boost::detail::variant::void_,boost::detail::variant::void_,boost::detail::variant::void_,boost::detail::variant::void_,boost::detail::variant::void_,boost::detail::variant::void_,boost::detail::variant::void_> *,const boost::integral_constant<bool,false> &)' being compiled
                 with
                 [
                     _Ty=boost::signals2::detail::void_shared_ptr_variant
         ,            I=boost::variant<boost::shared_ptr<void>,boost::signals2::detail::foreign_void_shared_ptr,boost::detail::variant::void_,boost::detail::variant::void_,boost::detail::variant::void_,boost::detail::variant::void_,boost::detail::variant::void_,boost::detail::variant::void_,boost::detail::variant::void_,boost::detail::variant::void_,boost::detail::variant::void_,boost::detail::variant::void_,boost::detail::variant::void_,boost::detail::variant::void_,boost::detail::variant::void_,boost::detail::variant::void_,boost::detail::variant::void_,boost::detail::variant::void_,boost::detail::variant::void_,boost::detail::variant::void_> *
                 ]
                 C:\Users\Yupeng\Documents\Visual Studio 2013\Libraries\boost_1_56_0\boost/signals2/detail/auto_buffer.hpp(205) : see reference to function template instantiation 'void boost::signals2::detail::auto_buffer<boost::signals2::detail::void_shared_ptr_variant,boost::signals2::detail::store_n_objects<10>,boost::signals2::detail::default_grow_policy,std::allocator<_Ty>>::copy_impl<I>(I,I,boost::variant<boost::shared_ptr<void>,boost::signals2::detail::foreign_void_shared_ptr,boost::detail::variant::void_,boost::detail::variant::void_,boost::detail::variant::void_,boost::detail::variant::void_,boost::detail::variant::void_,boost::detail::variant::void_,boost::detail::variant::void_,boost::detail::variant::void_,boost::detail::variant::void_,boost::detail::variant::void_,boost::detail::variant::void_,boost::detail::variant::void_,boost::detail::variant::void_,boost::detail::variant::void_,boost::detail::variant::void_,boost::detail::variant::void_,boost::detail::variant::void_,boost::detail::variant::void_> *,std::random_access_iterator_tag)' being compiled
                 with
                 [
                     _Ty=boost::signals2::detail::void_shared_ptr_variant
         ,            I=boost::variant<boost::shared_ptr<void>,boost::signals2::detail::foreign_void_shared_ptr,boost::detail::variant::void_,boost::detail::variant::void_,boost::detail::variant::void_,boost::detail::variant::void_,boost::detail::variant::void_,boost::detail::variant::void_,boost::detail::variant::void_,boost::detail::variant::void_,boost::detail::variant::void_,boost::detail::variant::void_,boost::detail::variant::void_,boost::detail::variant::void_,boost::detail::variant::void_,boost::detail::variant::void_,boost::detail::variant::void_,boost::detail::variant::void_,boost::detail::variant::void_,boost::detail::variant::void_> *
                 ]
                 C:\Users\Yupeng\Documents\Visual Studio 2013\Libraries\boost_1_56_0\boost/signals2/detail/auto_buffer.hpp(205) : see reference to function template instantiation 'void boost::signals2::detail::auto_buffer<boost::signals2::detail::void_shared_ptr_variant,boost::signals2::detail::store_n_objects<10>,boost::signals2::detail::default_grow_policy,std::allocator<_Ty>>::copy_impl<I>(I,I,boost::variant<boost::shared_ptr<void>,boost::signals2::detail::foreign_void_shared_ptr,boost::detail::variant::void_,boost::detail::variant::void_,boost::detail::variant::void_,boost::detail::variant::void_,boost::detail::variant::void_,boost::detail::variant::void_,boost::detail::variant::void_,boost::detail::variant::void_,boost::detail::variant::void_,boost::detail::variant::void_,boost::detail::variant::void_,boost::detail::variant::void_,boost::detail::variant::void_,boost::detail::variant::void_,boost::detail::variant::void_,boost::detail::variant::void_,boost::detail::variant::void_,boost::detail::variant::void_> *,std::random_access_iterator_tag)' being compiled
                 with
                 [
                     _Ty=boost::signals2::detail::void_shared_ptr_variant
         ,            I=boost::variant<boost::shared_ptr<void>,boost::signals2::detail::foreign_void_shared_ptr,boost::detail::variant::void_,boost::detail::variant::void_,boost::detail::variant::void_,boost::detail::variant::void_,boost::detail::variant::void_,boost::detail::variant::void_,boost::detail::variant::void_,boost::detail::variant::void_,boost::detail::variant::void_,boost::detail::variant::void_,boost::detail::variant::void_,boost::detail::variant::void_,boost::detail::variant::void_,boost::detail::variant::void_,boost::detail::variant::void_,boost::detail::variant::void_,boost::detail::variant::void_,boost::detail::variant::void_> *
                 ]
                 C:\Users\Yupeng\Documents\Visual Studio 2013\Libraries\boost_1_56_0\boost/signals2/detail/auto_buffer.hpp(289) : see reference to function template instantiation 'void boost::signals2::detail::auto_buffer<boost::signals2::detail::void_shared_ptr_variant,boost::signals2::detail::store_n_objects<10>,boost::signals2::detail::default_grow_policy,std::allocator<_Ty>>::copy_impl<boost::variant<boost::shared_ptr<void>,boost::signals2::detail::foreign_void_shared_ptr,boost::detail::variant::void_,boost::detail::variant::void_,boost::detail::variant::void_,boost::detail::variant::void_,boost::detail::variant::void_,boost::detail::variant::void_,boost::detail::variant::void_,boost::detail::variant::void_,boost::detail::variant::void_,boost::detail::variant::void_,boost::detail::variant::void_,boost::detail::variant::void_,boost::detail::variant::void_,boost::detail::variant::void_,boost::detail::variant::void_,boost::detail::variant::void_,boost::detail::variant::void_,boost::detail::variant::void_>*>(I,I,boost::variant<boost::shared_ptr<void>,boost::signals2::detail::foreign_void_shared_ptr,boost::detail::variant::void_,boost::detail::variant::void_,boost::detail::variant::void_,boost::detail::variant::void_,boost::detail::variant::void_,boost::detail::variant::void_,boost::detail::variant::void_,boost::detail::variant::void_,boost::detail::variant::void_,boost::detail::variant::void_,boost::detail::variant::void_,boost::detail::variant::void_,boost::detail::variant::void_,boost::detail::variant::void_,boost::detail::variant::void_,boost::detail::variant::void_,boost::detail::variant::void_,boost::detail::variant::void_> *)' being compiled
                 with
                 [
                     _Ty=boost::signals2::detail::void_shared_ptr_variant
         ,            I=boost::variant<boost::shared_ptr<void>,boost::signals2::detail::foreign_void_shared_ptr,boost::detail::variant::void_,boost::detail::variant::void_,boost::detail::variant::void_,boost::detail::variant::void_,boost::detail::variant::void_,boost::detail::variant::void_,boost::detail::variant::void_,boost::detail::variant::void_,boost::detail::variant::void_,boost::detail::variant::void_,boost::detail::variant::void_,boost::detail::variant::void_,boost::detail::variant::void_,boost::detail::variant::void_,boost::detail::variant::void_,boost::detail::variant::void_,boost::detail::variant::void_,boost::detail::variant::void_> *
                 ]
                 C:\Users\Yupeng\Documents\Visual Studio 2013\Libraries\boost_1_56_0\boost/signals2/detail/auto_buffer.hpp(289) : see reference to function template instantiation 'void boost::signals2::detail::auto_buffer<boost::signals2::detail::void_shared_ptr_variant,boost::signals2::detail::store_n_objects<10>,boost::signals2::detail::default_grow_policy,std::allocator<_Ty>>::copy_impl<boost::variant<boost::shared_ptr<void>,boost::signals2::detail::foreign_void_shared_ptr,boost::detail::variant::void_,boost::detail::variant::void_,boost::detail::variant::void_,boost::detail::variant::void_,boost::detail::variant::void_,boost::detail::variant::void_,boost::detail::variant::void_,boost::detail::variant::void_,boost::detail::variant::void_,boost::detail::variant::void_,boost::detail::variant::void_,boost::detail::variant::void_,boost::detail::variant::void_,boost::detail::variant::void_,boost::detail::variant::void_,boost::detail::variant::void_,boost::detail::variant::void_,boost::detail::variant::void_>*>(I,I,boost::variant<boost::shared_ptr<void>,boost::signals2::detail::foreign_void_shared_ptr,boost::detail::variant::void_,boost::detail::variant::void_,boost::detail::variant::void_,boost::detail::variant::void_,boost::detail::variant::void_,boost::detail::variant::void_,boost::detail::variant::void_,boost::detail::variant::void_,boost::detail::variant::void_,boost::detail::variant::void_,boost::detail::variant::void_,boost::detail::variant::void_,boost::detail::variant::void_,boost::detail::variant::void_,boost::detail::variant::void_,boost::detail::variant::void_,boost::detail::variant::void_,boost::detail::variant::void_> *)' being compiled
                 with
                 [
                     _Ty=boost::signals2::detail::void_shared_ptr_variant
         ,            I=boost::variant<boost::shared_ptr<void>,boost::signals2::detail::foreign_void_shared_ptr,boost::detail::variant::void_,boost::detail::variant::void_,boost::detail::variant::void_,boost::detail::variant::void_,boost::detail::variant::void_,boost::detail::variant::void_,boost::detail::variant::void_,boost::detail::variant::void_,boost::detail::variant::void_,boost::detail::variant::void_,boost::detail::variant::void_,boost::detail::variant::void_,boost::detail::variant::void_,boost::detail::variant::void_,boost::detail::variant::void_,boost::detail::variant::void_,boost::detail::variant::void_,boost::detail::variant::void_> *
                 ]
                 C:\Users\Yupeng\Documents\Visual Studio 2013\Libraries\boost_1_56_0\boost/signals2/detail/auto_buffer.hpp(282) : while compiling class template member function 'boost::variant<boost::shared_ptr<void>,boost::signals2::detail::foreign_void_shared_ptr,boost::detail::variant::void_,boost::detail::variant::void_,boost::detail::variant::void_,boost::detail::variant::void_,boost::detail::variant::void_,boost::detail::variant::void_,boost::detail::variant::void_,boost::detail::variant::void_,boost::detail::variant::void_,boost::detail::variant::void_,boost::detail::variant::void_,boost::detail::variant::void_,boost::detail::variant::void_,boost::detail::variant::void_,boost::detail::variant::void_,boost::detail::variant::void_,boost::detail::variant::void_,boost::detail::variant::void_> *boost::signals2::detail::auto_buffer<boost::signals2::detail::void_shared_ptr_variant,boost::signals2::detail::store_n_objects<10>,boost::signals2::detail::default_grow_policy,std::allocator<_Ty>>::move_to_new_buffer(unsigned int,const boost::false_type &)'
                 with
                 [
                     _Ty=boost::signals2::detail::void_shared_ptr_variant
                 ]
                 C:\Users\Yupeng\Documents\Visual Studio 2013\Libraries\boost_1_56_0\boost/signals2/detail/auto_buffer.hpp(304) : see reference to function template instantiation 'boost::variant<boost::shared_ptr<void>,boost::signals2::detail::foreign_void_shared_ptr,boost::detail::variant::void_,boost::detail::variant::void_,boost::detail::variant::void_,boost::detail::variant::void_,boost::detail::variant::void_,boost::detail::variant::void_,boost::detail::variant::void_,boost::detail::variant::void_,boost::detail::variant::void_,boost::detail::variant::void_,boost::detail::variant::void_,boost::detail::variant::void_,boost::detail::variant::void_,boost::detail::variant::void_,boost::detail::variant::void_,boost::detail::variant::void_,boost::detail::variant::void_,boost::detail::variant::void_> *boost::signals2::detail::auto_buffer<boost::signals2::detail::void_shared_ptr_variant,boost::signals2::detail::store_n_objects<10>,boost::signals2::detail::default_grow_policy,std::allocator<_Ty>>::move_to_new_buffer(unsigned int,const boost::false_type &)' being compiled
                 with
                 [
                     _Ty=boost::signals2::detail::void_shared_ptr_variant
                 ]
                 C:\Users\Yupeng\Documents\Visual Studio 2013\Libraries\boost_1_56_0\boost/signals2/detail/slot_call_iterator.hpp(40) : see reference to class template instantiation 'boost::signals2::detail::auto_buffer<boost::signals2::detail::void_shared_ptr_variant,boost::signals2::detail::store_n_objects<10>,boost::signals2::detail::default_grow_policy,std::allocator<_Ty>>' being compiled
                 with
                 [
                     _Ty=boost::signals2::detail::void_shared_ptr_variant
                 ]
                 C:\Users\Yupeng\Documents\Visual Studio 2013\Libraries\boost_1_56_0\boost/signals2/detail/slot_call_iterator.hpp(44) : see reference to class template instantiation 'boost::signals2::detail::slot_call_iterator_cache<ResultType,Function>' being compiled
         Generating Code...
       Lib:
         C:\Program Files (x86)\Microsoft Visual Studio 12.0\VC\bin\Lib.exe /OUT:"C:\Users\Yupeng\Documents\GitHub\VR\Debug\AudioLib.lib" /NOLOGO Debug\AudioCaptureDevice.obj
         Debug\SimulateButtonAudioSink.obj
         AudioLib.vcxproj -> C:\Users\Yupeng\Documents\GitHub\VR\Debug\AudioLib.lib
     1>Done Building Project "C:\Users\Yupeng\Documents\GitHub\VR\Audio\AudioLib.vcxproj" (Build target(s)).

Build succeeded.

Time Elapsed 00:00:07.57
